\BOOKMARK [1][-]{section.1}{\376\377\000Z\000i\000e\000l\000b\000e\000s\000t\000i\000m\000m\000u\000n\000g}{}% 1
\BOOKMARK [2][-]{subsection.1.1}{\376\377\000M\000u\000s\000s\000k\000r\000i\000t\000e\000r\000i\000e\000n}{section.1}% 2
\BOOKMARK [2][-]{subsection.1.2}{\376\377\000S\000o\000l\000l\000k\000r\000i\000t\000e\000r\000i\000e\000n}{section.1}% 3
\BOOKMARK [2][-]{subsection.1.3}{\376\377\000K\000a\000n\000n\000k\000r\000i\000t\000e\000r\000i\000e\000n}{section.1}% 4
\BOOKMARK [2][-]{subsection.1.4}{\376\377\000A\000b\000s\000e\000t\000z\000u\000n\000g\000s\000k\000r\000i\000t\000e\000r\000i\000e\000n}{section.1}% 5
\BOOKMARK [1][-]{section.2}{\376\377\000P\000r\000o\000d\000u\000k\000t\000e\000i\000n\000s\000a\000t\000z}{}% 6
\BOOKMARK [2][-]{subsection.2.1}{\376\377\000A\000n\000w\000e\000n\000d\000u\000n\000g\000s\000b\000e\000r\000e\000i\000c\000h\000e}{section.2}% 7
\BOOKMARK [2][-]{subsection.2.2}{\376\377\000Z\000i\000e\000l\000g\000r\000u\000p\000p\000e\000n}{section.2}% 8
\BOOKMARK [2][-]{subsection.2.3}{\376\377\000B\000e\000t\000r\000i\000e\000b\000s\000b\000e\000d\000i\000n\000g\000u\000n\000g\000e\000n}{section.2}% 9
\BOOKMARK [1][-]{section.3}{\376\377\000P\000r\000o\000d\000u\000k\000t\000\374\000b\000e\000r\000s\000i\000c\000h\000t}{}% 10
\BOOKMARK [1][-]{section.4}{\376\377\000P\000r\000o\000d\000u\000k\000t\000f\000u\000n\000k\000t\000i\000o\000n\000e\000n}{}% 11
\BOOKMARK [1][-]{section.5}{\376\377\000P\000r\000o\000d\000u\000k\000t\000d\000a\000t\000e\000n}{}% 12
\BOOKMARK [1][-]{section.6}{\376\377\000P\000r\000o\000d\000u\000k\000t\000l\000e\000i\000s\000t\000u\000n\000g\000e\000n}{}% 13
\BOOKMARK [1][-]{section.7}{\376\377\000Q\000u\000a\000l\000i\000t\000\344\000t\000s\000a\000n\000f\000o\000r\000d\000e\000r\000u\000n\000g\000e\000n}{}% 14
\BOOKMARK [1][-]{section.8}{\376\377\000B\000e\000n\000u\000t\000z\000e\000r\000o\000b\000e\000r\000f\000l\000\344\000c\000h\000e}{}% 15
\BOOKMARK [1][-]{section.9}{\376\377\000N\000i\000c\000h\000t\000f\000u\000n\000k\000t\000i\000o\000n\000a\000l\000e\000\040\000A\000n\000f\000o\000r\000d\000e\000r\000u\000n\000g\000e\000n}{}% 16
\BOOKMARK [1][-]{section.10}{\376\377\000T\000e\000c\000h\000n\000i\000s\000c\000h\000e\000\040\000P\000r\000o\000d\000u\000k\000t\000u\000m\000g\000e\000b\000u\000n\000g}{}% 17
\BOOKMARK [2][-]{subsection.10.1}{\376\377\000S\000o\000f\000t\000w\000a\000r\000e}{section.10}% 18
\BOOKMARK [2][-]{subsection.10.2}{\376\377\000H\000a\000r\000d\000w\000a\000r\000e}{section.10}% 19
\BOOKMARK [2][-]{subsection.10.3}{\376\377\000O\000r\000g\000w\000a\000r\000e}{section.10}% 20
\BOOKMARK [2][-]{subsection.10.4}{\376\377\000P\000r\000o\000d\000u\000k\000t\000s\000c\000h\000n\000i\000t\000t\000s\000t\000e\000l\000l\000e\000n}{section.10}% 21
\BOOKMARK [1][-]{section.11}{\376\377\000S\000p\000e\000z\000i\000e\000l\000l\000e\000\040\000A\000n\000f\000o\000r\000d\000e\000r\000u\000n\000g\000e\000n\000\040\000a\000n\000\040\000d\000i\000e\000\040\000E\000n\000t\000w\000i\000c\000k\000l\000u\000n\000g\000s\000u\000m\000g\000e\000b\000u\000n\000g}{}% 22
\BOOKMARK [2][-]{subsection.11.1}{\376\377\000S\000o\000f\000t\000w\000a\000r\000e}{section.11}% 23
\BOOKMARK [2][-]{subsection.11.2}{\376\377\000H\000a\000r\000d\000w\000a\000r\000e}{section.11}% 24
\BOOKMARK [2][-]{subsection.11.3}{\376\377\000O\000r\000g\000w\000a\000r\000e}{section.11}% 25
\BOOKMARK [2][-]{subsection.11.4}{\376\377\000E\000n\000t\000w\000i\000c\000k\000l\000u\000n\000g\000s\000s\000c\000h\000n\000i\000t\000t\000s\000t\000e\000l\000l\000e\000n}{section.11}% 26
\BOOKMARK [1][-]{section.12}{\376\377\000G\000l\000i\000e\000d\000e\000r\000u\000n\000g\000\040\000i\000n\000\040\000T\000e\000i\000l\000p\000r\000o\000d\000u\000k\000t\000e}{}% 27
\BOOKMARK [1][-]{section.13}{\376\377\000E\000r\000g\000\344\000n\000z\000u\000n\000g\000e\000n}{}% 28
\BOOKMARK [1][-]{section.14}{\376\377\000G\000l\000o\000s\000s\000a\000r}{}% 29
